2026-03-30 23:56:13,476 - PayReality - INFO - Logging initialized: logs\payreality_20260330.log
2026-03-30 23:57:23,325 - PayReality - INFO - PayReality engine initialized. Log file: payreality_20260330_235723.log
2026-03-30 23:57:23,327 - PayReality - INFO - ============================================================
2026-03-30 23:57:23,328 - PayReality - INFO - Starting PayReality Analysis
2026-03-30 23:57:23,330 - PayReality - INFO - ============================================================
2026-03-30 23:57:23,331 - PayReality - INFO - ============================================================
2026-03-30 23:57:23,333 - PayReality - INFO - Loading and validating input files
2026-03-30 23:57:23,334 - PayReality - INFO - ============================================================
2026-03-30 23:57:23,335 - PayReality - INFO - Validating Vendor Master: vendor_master.csv
2026-03-30 23:57:23,336 - PayReality - INFO - File size: 148 bytes
2026-03-30 23:57:23,346 - PayReality - INFO - Successfully read file with utf-8 encoding
2026-03-30 23:57:23,347 - PayReality - INFO - Loaded 5 rows, 2 columns
2026-03-30 23:57:23,361 - PayReality - INFO - Validating Payments: payments.csv
2026-03-30 23:57:23,363 - PayReality - INFO - File size: 414 bytes
2026-03-30 23:57:23,365 - PayReality - INFO - Successfully read file with utf-8 encoding
2026-03-30 23:57:23,366 - PayReality - INFO - Loaded 10 rows, 4 columns
2026-03-30 23:57:23,369 - PayReality - INFO - Loaded 5 approved vendors
2026-03-30 23:57:23,369 - PayReality - INFO - Processing payments...
2026-03-30 23:57:23,380 - PayReality - INFO - ============================================================
2026-03-30 23:57:23,380 - PayReality - INFO - Analysis Complete
2026-03-30 23:57:23,381 - PayReality - INFO - Total Payments: 10
2026-03-30 23:57:23,381 - PayReality - INFO - Total Spend: R 106,200.00
2026-03-30 23:57:23,382 - PayReality - INFO - Exceptions Found: 2
2026-03-30 23:57:23,382 - PayReality - INFO - Exception Spend: R 43,000.00
2026-03-30 23:57:23,383 - PayReality - INFO - Control Entropy Score: 40.49%
2026-03-30 23:57:23,383 - PayReality - INFO - ============================================================
2026-03-30 23:57:23,408 - PayReality - INFO - PDF report generated: C:\Users\user\OneDrive\Desktop\Payreality\payreality\payreality_report_Sean_20260330_235723.pdf
